----------

Wed Sep 15 2021 13:22:49 GMT-0400 (Eastern Daylight Time)

warning: LF will be replaced by CRLF in index.html.
The file will have its original line endings in your working directory


----------

Wed Sep 15 2021 13:22:49 GMT-0400 (Eastern Daylight Time)

warning: LF will be replaced by CRLF in art.html.
The file will have its original line endings in your working directory


----------

Wed Sep 15 2021 13:22:49 GMT-0400 (Eastern Daylight Time)

warning: LF will be replaced by CRLF in assets/bootstrap/css/bootstrap.min.css.
The file will have its original line endings in your working directory


----------

Wed Sep 15 2021 13:22:49 GMT-0400 (Eastern Daylight Time)

warning: LF will be replaced by CRLF in assets/bootstrap/js/bootstrap.min.js.
The file will have its original line endings in your working directory


----------

Wed Sep 15 2021 13:22:49 GMT-0400 (Eastern Daylight Time)

warning: LF will be replaced by CRLF in assets/css/untitled.css.
The file will have its original line endings in your working directory


----------

Wed Sep 15 2021 13:22:49 GMT-0400 (Eastern Daylight Time)

warning: LF will be replaced by CRLF in assets/fonts/Simple-Line-Icons.svg.
The file will have its original line endings in your working directory


----------

Wed Sep 15 2021 13:22:49 GMT-0400 (Eastern Daylight Time)

warning: LF will be replaced by CRLF in assets/fonts/font-awesome.min.css.
The file will have its original line endings in your working directory


----------

Wed Sep 15 2021 13:22:49 GMT-0400 (Eastern Daylight Time)

warning: LF will be replaced by CRLF in assets/fonts/fontawesome-webfont.svg.
The file will have its original line endings in your working directory


----------

Wed Sep 15 2021 13:22:50 GMT-0400 (Eastern Daylight Time)

warning: LF will be replaced by CRLF in assets/js/stylish-portfolio.js.
The file will have its original line endings in your working directory


----------

Wed Sep 15 2021 13:22:50 GMT-0400 (Eastern Daylight Time)

warning: LF will be replaced by CRLF in sitemap.xml.
The file will have its original line endings in your working directory


----------

Wed Sep 15 2021 13:23:02 GMT-0400 (Eastern Daylight Time)

Logon failed, use ctrl+c to cancel basic credential prompt.


----------

Wed Sep 15 2021 13:23:02 GMT-0400 (Eastern Daylight Time)

bash: /dev/tty: No such device or address


----------

Wed Sep 15 2021 13:23:02 GMT-0400 (Eastern Daylight Time)

error: failed to execute prompt script (exit code 1)


